<?xml version="1.0" encoding="UTF-8"?>
<!-- Generated by org.testng.reporters.JUnitReportReporter -->
<testsuite hostname="DESKTOP-JSMRUSM" failures="0" tests="1" name="test.Login_TC005" time="35.906" errors="0" timestamp="20 Nov 2021 11:15:50 GMT" skipped="0">
  <testcase classname="test.Login_TC005" name="managerLogin" time="35.906"/>
</testsuite> <!-- test.Login_TC005 -->
