<?xml version="1.0" encoding="UTF-8"?>
<!-- Generated by org.testng.reporters.JUnitReportReporter -->
<testsuite hostname="DESKTOP-JSMRUSM" failures="0" tests="1" name="test.Sample" time="1.032" errors="0" timestamp="08 Dec 2021 09:08:00 GMT" skipped="0">
  <testcase classname="test.Sample" name="Samplee" time="1.032"/>
</testsuite> <!-- test.Sample -->
