<?xml version="1.0" encoding="UTF-8"?>
<!-- Generated by org.testng.reporters.JUnitReportReporter -->
<testsuite hostname="DESKTOP-JSMRUSM" failures="0" tests="1" name="test.ADD_TC006" time="29.171" errors="0" timestamp="11 Dec 2021 16:53:42 GMT" skipped="0">
  <testcase classname="test.ADD_TC006" name="AddBrand" time="29.171"/>
</testsuite> <!-- test.ADD_TC006 -->
