<?xml version="1.0" encoding="UTF-8"?>
<!-- Generated by org.testng.reporters.JUnitReportReporter -->
<testsuite hostname="DESKTOP-JSMRUSM" failures="0" tests="1" name="test.Login_TC005" time="38.033" errors="0" timestamp="19 Nov 2021 08:48:51 GMT" skipped="0">
  <testcase classname="test.Login_TC005" name="managerLogin" time="38.033"/>
</testsuite> <!-- test.Login_TC005 -->
