<?xml version="1.0" encoding="UTF-8"?>
<!-- Generated by org.testng.reporters.JUnitReportReporter -->
<testsuite hostname="DESKTOP-JSMRUSM" failures="0" tests="5" name="test.Login_TC001" time="159.092" errors="0" timestamp="19 Nov 2021 08:48:51 GMT" skipped="0">
  <testcase classname="test.Login_TC001" name="Login_flow" time="26.699"/>
  <testcase classname="test.Login_TC001" name="Login_flow" time="43.632"/>
  <testcase classname="test.Login_TC001" name="Login_flow" time="29.046"/>
  <testcase classname="test.Login_TC001" name="Login_flow" time="34.253"/>
  <testcase classname="test.Login_TC001" name="Login_flow" time="25.462"/>
</testsuite> <!-- test.Login_TC001 -->
