<?xml version="1.0" encoding="UTF-8"?>
<!-- Generated by org.testng.reporters.JUnitReportReporter -->
<testsuite hostname="DESKTOP-JSMRUSM" failures="0" tests="1" name="test.Login_TC004" time="22.421" errors="0" timestamp="19 Nov 2021 08:48:51 GMT" skipped="0">
  <testcase classname="test.Login_TC004" name="SuperAdminLogin" time="22.421"/>
</testsuite> <!-- test.Login_TC004 -->
